#
# There is insufficient memory for the Java Runtime Environment to continue.
# Native memory allocation (malloc) failed to allocate 1048576 bytes for AllocateHeap
# Possible reasons:
#   The system is out of physical RAM or swap space
#   In 32 bit mode, the process size limit was hit
# Possible solutions:
#   Reduce memory load on the system
#   Increase physical memory or swap space
#   Check if swap backing store is full
#   Use 64 bit Java on a 64 bit OS
#   Decrease Java heap size (-Xmx/-Xms)
#   Decrease number of Java threads
#   Decrease Java thread stack sizes (-Xss)
#   Set larger code cache with -XX:ReservedCodeCacheSize=
# This output file may be truncated or incomplete.
#
#  Out of Memory Error (memory/allocation.inline.hpp:61), pid=17144, tid=14424
#
# JRE version:  (8.0_40-b26) (build )
# Java VM: Java HotSpot(TM) 64-Bit Server VM (25.40-b25 mixed mode windows-amd64 compressed oops)
# Failed to write core dump. Minidumps are not enabled by default on client versions of Windows
#

---------------  T H R E A D  ---------------

Current thread (0x0000000002a91000):  JavaThread "Unknown thread" [_thread_in_vm, id=14424, stack(0x0000000002910000,0x0000000002a10000)]

Stack: [0x0000000002910000,0x0000000002a10000]
Native frames: (J=compiled Java code, j=interpreted, Vv=VM code, C=native code)
V  [jvm.dll+0x32b47a]


---------------  P R O C E S S  ---------------

Java Threads: ( => current thread )

Other Threads:

=>0x0000000002a91000 (exited) JavaThread "Unknown thread" [_thread_in_vm, id=14424, stack(0x0000000002910000,0x0000000002a10000)]

VM state:not at safepoint (normal execution)

VM Mutex/Monitor currently owned by a thread: None

Heap:
 PSYoungGen      total 18944K, used 327K [0x00000000eab00000, 0x00000000ec000000, 0x0000000100000000)
  eden space 16384K, 2% used [0x00000000eab00000,0x00000000eab51ec8,0x00000000ebb00000)
  from space 2560K, 0% used [0x00000000ebd80000,0x00000000ebd80000,0x00000000ec000000)
  to   space 2560K, 0% used [0x00000000ebb00000,0x00000000ebb00000,0x00000000ebd80000)
 ParOldGen       total 44032K, used 0K [0x00000000c0000000, 0x00000000c2b00000, 0x00000000eab00000)
  object space 44032K, 0% used [0x00000000c0000000,0x00000000c0000000,0x00000000c2b00000)
 Metaspace       used 766K, capacity 4480K, committed 4480K, reserved 1056768K
  class space    used 75K, capacity 384K, committed 384K, reserved 1048576K

Card table byte_map: [0x0000000011f50000,0x0000000012160000] byte_map_base: 0x0000000011950000

Marking Bits: (ParMarkBitMap*) 0x00000000510f4040
 Begin Bits: [0x00000000126c0000, 0x00000000136c0000)
 End Bits:   [0x00000000136c0000, 0x00000000146c0000)

Polling page: 0x0000000001030000

CodeCache: size=245760Kb used=327Kb max_used=327Kb free=245432Kb
 bounds [0x0000000002b90000, 0x0000000002e00000, 0x0000000011b90000]
 total_blobs=56 nmethods=0 adapters=37
 compilation: enabled

Compilation events (0 events):
No events

GC Heap History (0 events):
No events

Deoptimization events (0 events):
No events

Internal exceptions (0 events):
No events

Events (10 events):
Event: 0.257 loading class java/lang/Short
Event: 0.257 loading class java/lang/Short done
Event: 0.257 loading class java/lang/Integer
Event: 0.257 loading class java/lang/Integer done
Event: 0.257 loading class java/lang/Long
Event: 0.258 loading class java/lang/Long done
Event: 0.259 loading class java/lang/NullPointerException
Event: 0.259 loading class java/lang/NullPointerException done
Event: 0.259 loading class java/lang/ArithmeticException
Event: 0.259 loading class java/lang/ArithmeticException done


Dynamic libraries:
0x00007ff76bb10000 - 0x00007ff76bb47000 	E:\Program Files\Java\jdk1.8.0_40\bin\java.exe
0x00007ffeac210000 - 0x00007ffeac3bc000 	C:\Windows\SYSTEM32\ntdll.dll
0x00007ffeab820000 - 0x00007ffeab95e000 	C:\Windows\system32\KERNEL32.DLL
0x00007ffea9540000 - 0x00007ffea9655000 	C:\Windows\system32\KERNELBASE.dll
0x00007ffea7f00000 - 0x00007ffea7f8e000 	C:\Windows\system32\apphelp.dll
0x00007ffe9cbc0000 - 0x00007ffe9cc13000 	C:\Windows\AppPatch\AppPatch64\AcGenral.DLL
0x00007ffeabec0000 - 0x00007ffeabf6a000 	C:\Windows\system32\msvcrt.dll
0x00007ffea9200000 - 0x00007ffea922e000 	C:\Windows\SYSTEM32\SspiCli.dll
0x00007ffeab4a0000 - 0x00007ffeab4f4000 	C:\Windows\system32\SHLWAPI.dll
0x00007ffeaba40000 - 0x00007ffeabbb7000 	C:\Windows\system32\USER32.dll
0x00007ffeabfb0000 - 0x00007ffeac144000 	C:\Windows\system32\ole32.dll
0x00007ffea9a70000 - 0x00007ffeaaf9b000 	C:\Windows\system32\SHELL32.dll
0x00007ffea8870000 - 0x00007ffea8891000 	C:\Windows\SYSTEM32\USERENV.dll
0x00007ffeabc40000 - 0x00007ffeabcea000 	C:\Windows\system32\ADVAPI32.dll
0x00007ffe9d3a0000 - 0x00007ffe9d3be000 	C:\Windows\SYSTEM32\MPR.dll
0x00007ffeabd70000 - 0x00007ffeabeb1000 	C:\Windows\system32\RPCRT4.dll
0x00007ffeab660000 - 0x00007ffeab6b9000 	C:\Windows\SYSTEM32\sechost.dll
0x00007ffeaafa0000 - 0x00007ffeab1b1000 	C:\Windows\SYSTEM32\combase.dll
0x00007ffeab6c0000 - 0x00007ffeab810000 	C:\Windows\system32\GDI32.dll
0x00007ffea9360000 - 0x00007ffea9375000 	C:\Windows\SYSTEM32\profapi.dll
0x00007ffea78b0000 - 0x00007ffea7962000 	C:\Windows\SYSTEM32\SHCORE.dll
0x00007ffeabf70000 - 0x00007ffeabfa6000 	C:\Windows\system32\IMM32.DLL
0x00007ffeab500000 - 0x00007ffeab651000 	C:\Windows\system32\MSCTF.dll
0x00007ffea6e70000 - 0x00007ffea70ea000 	C:\Windows\WinSxS\amd64_microsoft.windows.common-controls_6595b64144ccf1df_6.0.9600.17810_none_6240b9c7ecbd0bda\COMCTL32.dll
0x0000000050470000 - 0x0000000050542000 	E:\Program Files\Java\jdk1.8.0_40\jre\bin\msvcr100.dll
0x00000000508f0000 - 0x0000000051173000 	E:\Program Files\Java\jdk1.8.0_40\jre\bin\server\jvm.dll
0x00007ffea16e0000 - 0x00007ffea16e9000 	C:\Windows\SYSTEM32\WSOCK32.dll
0x00007ffea1780000 - 0x00007ffea17a2000 	C:\Windows\SYSTEM32\WINMM.dll
0x00007ffea70f0000 - 0x00007ffea70fa000 	C:\Windows\SYSTEM32\VERSION.dll
0x00007ffeabd60000 - 0x00007ffeabd67000 	C:\Windows\system32\PSAPI.DLL
0x00007ffeabd00000 - 0x00007ffeabd5a000 	C:\Windows\system32\WS2_32.dll
0x00007ffea1750000 - 0x00007ffea177a000 	C:\Windows\SYSTEM32\WINMMBASE.dll
0x00007ffeabcf0000 - 0x00007ffeabcf9000 	C:\Windows\system32\NSI.dll
0x00007ffea9840000 - 0x00007ffea988f000 	C:\Windows\SYSTEM32\cfgmgr32.dll
0x00007ffea8160000 - 0x00007ffea8188000 	C:\Windows\SYSTEM32\DEVOBJ.dll
0x00000000508e0000 - 0x00000000508ef000 	E:\Program Files\Java\jdk1.8.0_40\jre\bin\verify.dll
0x00000000508b0000 - 0x00000000508d9000 	E:\Program Files\Java\jdk1.8.0_40\jre\bin\java.dll
0x0000000050890000 - 0x00000000508a6000 	E:\Program Files\Java\jdk1.8.0_40\jre\bin\zip.dll

VM Arguments:
jvm_args: -Xmx1024M -Dfile.encoding=windows-1252 -Duser.country=GB -Duser.language=en -Duser.variant 
java_command: com.android.dx.command.Main --dex --output C:\Users\Nathan\Desktop\Design-Demo-master\app\build\intermediates\pre-dexed\debug\classes-b4acf8a8db1e2cd96c970fac4aff715c16958de9.jar C:\Users\Nathan\Desktop\Design-Demo-master\app\build\intermediates\exploded-aar\com.android.support\cardview-v7\22.2.1\jars\classes.jar
java_class_path (initial): E:\Android\Sdk\build-tools\22.0.1\lib\dx.jar
Launcher Type: SUN_STANDARD

Environment Variables:
JAVA_HOME=E:\Program Files\Java\jdk1.8.0_40
PATH=C:\ProgramData\Oracle\Java\javapath;C:\Windows\system32;C:\Windows;C:\Windows\System32\Wbem;C:\Windows\System32\WindowsPowerShell\v1.0\;C:\Program Files (x86)\ATI Technologies\ATI.ACE\Core-Static;E:\Program Files (x86)\QuickTime\QTSystem\;C:\Program Files (x86)\Windows Kits\8.0\Windows Performance Toolkit\;C:\Program Files\Microsoft SQL Server\110\Tools\Binn\;E:\Android\Sdk\platform-tools;E:\Program Files\TortoiseSVN\bin;C:\Program Files (x86)\Skype\Phone\
USERNAME=Nathan
OS=Windows_NT
PROCESSOR_IDENTIFIER=AMD64 Family 16 Model 4 Stepping 3, AuthenticAMD



---------------  S Y S T E M  ---------------

OS: Windows 8.1 , 64 bit Build 9600 (6.3.9600.17415)

CPU:total 4 (4 cores per cpu, 1 threads per core) family 16 model 4 stepping 3, cmov, cx8, fxsr, mmx, sse, sse2, sse3, popcnt, mmxext, 3dnowpref, lzcnt, sse4a, tsc, tscinvbit, tscinv

Memory: 4k page, physical 4192728k(146500k free), swap 16775640k(5204k free)

vm_info: Java HotSpot(TM) 64-Bit Server VM (25.40-b25) for windows-amd64 JRE (1.8.0_40-b26), built on Mar  7 2015 13:51:59 by "java_re" with MS VC++ 10.0 (VS2010)

time: Sun Jan 31 16:25:22 2016
elapsed time: 0 seconds (0d 0h 0m 0s)

