#
# There is insufficient memory for the Java Runtime Environment to continue.
# Native memory allocation (malloc) failed to allocate 1964576 bytes for Chunk::new
# Possible reasons:
#   The system is out of physical RAM or swap space
#   In 32 bit mode, the process size limit was hit
# Possible solutions:
#   Reduce memory load on the system
#   Increase physical memory or swap space
#   Check if swap backing store is full
#   Use 64 bit Java on a 64 bit OS
#   Decrease Java heap size (-Xmx/-Xms)
#   Decrease number of Java threads
#   Decrease Java thread stack sizes (-Xss)
#   Set larger code cache with -XX:ReservedCodeCacheSize=
# This output file may be truncated or incomplete.
#
#  Out of Memory Error (allocation.cpp:390), pid=15148, tid=10664
#
# JRE version: Java(TM) SE Runtime Environment (8.0_40-b26) (build 1.8.0_40-b26)
# Java VM: Java HotSpot(TM) 64-Bit Server VM (25.40-b25 mixed mode windows-amd64 compressed oops)
# Failed to write core dump. Minidumps are not enabled by default on client versions of Windows
#

---------------  T H R E A D  ---------------

Current thread (0x000000001512e000):  JavaThread "C2 CompilerThread0" daemon [_thread_in_native, id=10664, stack(0x0000000016680000,0x0000000016780000)]

Stack: [0x0000000016680000,0x0000000016780000]
Native frames: (J=compiled Java code, j=interpreted, Vv=VM code, C=native code)
V  [jvm.dll+0x32b47a]
V  [jvm.dll+0x2797f3]
V  [jvm.dll+0x27a489]
V  [jvm.dll+0x2717a5]
V  [jvm.dll+0xcb9a2]
V  [jvm.dll+0xcbe6c]
V  [jvm.dll+0x476ea2]
V  [jvm.dll+0x4b950f]
V  [jvm.dll+0x46b92f]
V  [jvm.dll+0x46ccbe]
V  [jvm.dll+0x4500d2]
V  [jvm.dll+0xa4312]
V  [jvm.dll+0xa4c4f]
V  [jvm.dll+0x241914]
V  [jvm.dll+0x29848a]
C  [msvcr100.dll+0x21d9f]
C  [msvcr100.dll+0x21e3b]
C  [KERNEL32.DLL+0x13d2]
C  [ntdll.dll+0x15464]


Current CompileTask:
C2:   3750 1929   !   4       com.android.dx.cf.code.BytecodeArray::parseInstruction (2764 bytes)


---------------  P R O C E S S  ---------------

Java Threads: ( => current thread )
  0x0000000016cb5800 JavaThread "pool-2-thread-4" [_thread_blocked, id=12976, stack(0x0000000017380000,0x0000000017480000)]
  0x0000000016ca5800 JavaThread "pool-2-thread-3" [_thread_blocked, id=15804, stack(0x0000000017280000,0x0000000017380000)]
  0x0000000016ca5000 JavaThread "pool-2-thread-2" [_thread_blocked, id=15660, stack(0x0000000017180000,0x0000000017280000)]
  0x0000000016ca1000 JavaThread "pool-3-thread-1" [_thread_blocked, id=13844, stack(0x0000000017080000,0x0000000017180000)]
  0x0000000016c7a000 JavaThread "pool-2-thread-1" [_thread_blocked, id=13600, stack(0x0000000016f80000,0x0000000017080000)]
  0x00000000169a6800 JavaThread "Service Thread" daemon [_thread_blocked, id=12448, stack(0x0000000016d80000,0x0000000016e80000)]
  0x0000000015138800 JavaThread "C1 CompilerThread2" daemon [_thread_blocked, id=6752, stack(0x0000000016880000,0x0000000016980000)]
  0x0000000015131800 JavaThread "C2 CompilerThread1" daemon [_thread_blocked, id=12384, stack(0x0000000016780000,0x0000000016880000)]
=>0x000000001512e000 JavaThread "C2 CompilerThread0" daemon [_thread_in_native, id=10664, stack(0x0000000016680000,0x0000000016780000)]
  0x000000001512c800 JavaThread "Attach Listener" daemon [_thread_blocked, id=6992, stack(0x0000000016580000,0x0000000016680000)]
  0x000000001512b000 JavaThread "Signal Dispatcher" daemon [_thread_blocked, id=13684, stack(0x0000000016480000,0x0000000016580000)]
  0x0000000002a56000 JavaThread "Finalizer" daemon [_thread_blocked, id=16724, stack(0x0000000016380000,0x0000000016480000)]
  0x0000000002a4d000 JavaThread "Reference Handler" daemon [_thread_blocked, id=13568, stack(0x0000000016280000,0x0000000016380000)]
  0x0000000002961000 JavaThread "main" [_thread_blocked, id=17100, stack(0x00000000010c0000,0x00000000011c0000)]

Other Threads:
  0x00000000150f7800 VMThread [stack: 0x0000000016180000,0x0000000016280000] [id=15304]
  0x00000000169a8000 WatcherThread [stack: 0x0000000016e80000,0x0000000016f80000] [id=16800]

VM state:at safepoint (normal execution)

VM Mutex/Monitor currently owned by a thread:  ([mutex/lock_event])
[0x00000000011ec290] Threads_lock - owner thread: 0x00000000150f7800
[0x00000000011ec490] Heap_lock - owner thread: 0x0000000016ca5800

Heap:
 PSYoungGen      total 28160K, used 25600K [0x00000000eab00000, 0x00000000ee700000, 0x0000000100000000)
  eden space 25600K, 100% used [0x00000000eab00000,0x00000000ec400000,0x00000000ec400000)
  from space 2560K, 0% used [0x00000000ecd80000,0x00000000ecd80000,0x00000000ed000000)
  to   space 9728K, 0% used [0x00000000ec400000,0x00000000ec400000,0x00000000ecd80000)
 ParOldGen       total 44032K, used 43613K [0x00000000c0000000, 0x00000000c2b00000, 0x00000000eab00000)
  object space 44032K, 99% used [0x00000000c0000000,0x00000000c2a97748,0x00000000c2b00000)
 Metaspace       used 6281K, capacity 7156K, committed 7296K, reserved 1056768K
  class space    used 606K, capacity 620K, committed 640K, reserved 1048576K

Card table byte_map: [0x0000000011e20000,0x0000000012030000] byte_map_base: 0x0000000011820000

Marking Bits: (ParMarkBitMap*) 0x00000000510f4040
 Begin Bits: [0x0000000012590000, 0x0000000013590000)
 End Bits:   [0x0000000013590000, 0x0000000014590000)

Polling page: 0x0000000000f70000

CodeCache: size=245760Kb used=8113Kb max_used=8113Kb free=237646Kb
 bounds [0x0000000002a60000, 0x0000000003260000, 0x0000000011a60000]
 total_blobs=2180 nmethods=1911 adapters=182
 compilation: enabled

Compilation events (10 events):
Event: 3.685 Thread 0x0000000015138800 1949   !   2       java.util.zip.Inflater::setInput (74 bytes)
Event: 3.686 Thread 0x0000000015138800 nmethod 1949 0x0000000003210690 code [0x0000000003210820, 0x0000000003210c78]
Event: 3.686 Thread 0x0000000015138800 1948       2       com.android.dx.cf.direct.DirectClassFile::makeTypeList (47 bytes)
Event: 3.686 Thread 0x0000000015138800 nmethod 1948 0x0000000003210110 code [0x00000000032102a0, 0x0000000003210558]
Event: 3.686 Thread 0x0000000015138800 1950       2       java.util.concurrent.LinkedBlockingQueue$Node::<init> (10 bytes)
Event: 3.686 Thread 0x0000000015138800 nmethod 1950 0x000000000320fdd0 code [0x000000000320ff20, 0x0000000003210090]
Event: 3.686 Thread 0x0000000015138800 1951       2       com.android.dx.cf.attrib.AttSourceFile::<init> (26 bytes)
Event: 3.686 Thread 0x0000000015138800 nmethod 1951 0x000000000320f910 code [0x000000000320fa80, 0x000000000320fcc8]
Event: 3.702 Thread 0x0000000015138800 1953       1       com.android.dx.rop.cst.CstType::getType (4 bytes)
Event: 3.703 Thread 0x0000000015138800 nmethod 1953 0x000000000323e310 code [0x000000000323e460, 0x000000000323e570]

GC Heap History (10 events):
Event: 2.486 GC heap before
{Heap before GC invocations=9 (full 0):
 PSYoungGen      total 35328K, used 35298K [0x00000000eab00000, 0x00000000ed000000, 0x0000000100000000)
  eden space 32768K, 100% used [0x00000000eab00000,0x00000000ecb00000,0x00000000ecb00000)
  from space 2560K, 98% used [0x00000000ecd80000,0x00000000ecff8ac8,0x00000000ed000000)
  to   space 2560K, 0% used [0x00000000ecb00000,0x00000000ecb00000,0x00000000ecd80000)
 ParOldGen       total 44032K, used 36476K [0x00000000c0000000, 0x00000000c2b00000, 0x00000000eab00000)
  object space 44032K, 82% used [0x00000000c0000000,0x00000000c239f010,0x00000000c2b00000)
 Metaspace       used 6236K, capacity 7156K, committed 7296K, reserved 1056768K
  class space    used 605K, capacity 620K, committed 640K, reserved 1048576K
Event: 2.508 GC heap after
Heap after GC invocations=9 (full 0):
 PSYoungGen      total 35328K, used 2528K [0x00000000eab00000, 0x00000000ed000000, 0x0000000100000000)
  eden space 32768K, 0% used [0x00000000eab00000,0x00000000eab00000,0x00000000ecb00000)
  from space 2560K, 98% used [0x00000000ecb00000,0x00000000ecd78020,0x00000000ecd80000)
  to   space 2560K, 0% used [0x00000000ecd80000,0x00000000ecd80000,0x00000000ed000000)
 ParOldGen       total 44032K, used 42082K [0x00000000c0000000, 0x00000000c2b00000, 0x00000000eab00000)
  object space 44032K, 95% used [0x00000000c0000000,0x00000000c2918b40,0x00000000c2b00000)
 Metaspace       used 6236K, capacity 7156K, committed 7296K, reserved 1056768K
  class space    used 605K, capacity 620K, committed 640K, reserved 1048576K
}
Event: 2.508 GC heap before
{Heap before GC invocations=10 (full 1):
 PSYoungGen      total 35328K, used 2528K [0x00000000eab00000, 0x00000000ed000000, 0x0000000100000000)
  eden space 32768K, 0% used [0x00000000eab00000,0x00000000eab00000,0x00000000ecb00000)
  from space 2560K, 98% used [0x00000000ecb00000,0x00000000ecd78020,0x00000000ecd80000)
  to   space 2560K, 0% used [0x00000000ecd80000,0x00000000ecd80000,0x00000000ed000000)
 ParOldGen       total 44032K, used 42082K [0x00000000c0000000, 0x00000000c2b00000, 0x00000000eab00000)
  object space 44032K, 95% used [0x00000000c0000000,0x00000000c2918b40,0x00000000c2b00000)
 Metaspace       used 6236K, capacity 7156K, committed 7296K, reserved 1056768K
  class space    used 605K, capacity 620K, committed 640K, reserved 1048576K
Event: 2.798 GC heap after
Heap after GC invocations=10 (full 1):
 PSYoungGen      total 35328K, used 0K [0x00000000eab00000, 0x00000000ed000000, 0x0000000100000000)
  eden space 32768K, 0% used [0x00000000eab00000,0x00000000eab00000,0x00000000ecb00000)
  from space 2560K, 0% used [0x00000000ecb00000,0x00000000ecb00000,0x00000000ecd80000)
  to   space 2560K, 0% used [0x00000000ecd80000,0x00000000ecd80000,0x00000000ed000000)
 ParOldGen       total 44032K, used 36144K [0x00000000c0000000, 0x00000000c2b00000, 0x00000000eab00000)
  object space 44032K, 82% used [0x00000000c0000000,0x00000000c234c040,0x00000000c2b00000)
 Metaspace       used 6236K, capacity 7156K, committed 7296K, reserved 1056768K
  class space    used 605K, capacity 620K, committed 640K, reserved 1048576K
}
Event: 3.025 GC heap before
{Heap before GC invocations=11 (full 1):
 PSYoungGen      total 35328K, used 32768K [0x00000000eab00000, 0x00000000ed000000, 0x0000000100000000)
  eden space 32768K, 100% used [0x00000000eab00000,0x00000000ecb00000,0x00000000ecb00000)
  from space 2560K, 0% used [0x00000000ecb00000,0x00000000ecb00000,0x00000000ecd80000)
  to   space 2560K, 0% used [0x00000000ecd80000,0x00000000ecd80000,0x00000000ed000000)
 ParOldGen       total 44032K, used 36144K [0x00000000c0000000, 0x00000000c2b00000, 0x00000000eab00000)
  object space 44032K, 82% used [0x00000000c0000000,0x00000000c234c040,0x00000000c2b00000)
 Metaspace       used 6246K, capacity 7156K, committed 7296K, reserved 1056768K
  class space    used 605K, capacity 620K, committed 640K, reserved 1048576K
Event: 3.034 GC heap after
Heap after GC invocations=11 (full 1):
 PSYoungGen      total 28160K, used 2530K [0x00000000eab00000, 0x00000000ee700000, 0x0000000100000000)
  eden space 25600K, 0% used [0x00000000eab00000,0x00000000eab00000,0x00000000ec400000)
  from space 2560K, 98% used [0x00000000ecd80000,0x00000000ecff8930,0x00000000ed000000)
  to   space 9728K, 0% used [0x00000000ec400000,0x00000000ec400000,0x00000000ecd80000)
 ParOldGen       total 44032K, used 39778K [0x00000000c0000000, 0x00000000c2b00000, 0x00000000eab00000)
  object space 44032K, 90% used [0x00000000c0000000,0x00000000c26d89c8,0x00000000c2b00000)
 Metaspace       used 6246K, capacity 7156K, committed 7296K, reserved 1056768K
  class space    used 605K, capacity 620K, committed 640K, reserved 1048576K
}
Event: 3.034 GC heap before
{Heap before GC invocations=12 (full 2):
 PSYoungGen      total 28160K, used 2530K [0x00000000eab00000, 0x00000000ee700000, 0x0000000100000000)
  eden space 25600K, 0% used [0x00000000eab00000,0x00000000eab00000,0x00000000ec400000)
  from space 2560K, 98% used [0x00000000ecd80000,0x00000000ecff8930,0x00000000ed000000)
  to   space 9728K, 0% used [0x00000000ec400000,0x00000000ec400000,0x00000000ecd80000)
 ParOldGen       total 44032K, used 39778K [0x00000000c0000000, 0x00000000c2b00000, 0x00000000eab00000)
  object space 44032K, 90% used [0x00000000c0000000,0x00000000c26d89c8,0x00000000c2b00000)
 Metaspace       used 6246K, capacity 7156K, committed 7296K, reserved 1056768K
  class space    used 605K, capacity 620K, committed 640K, reserved 1048576K
Event: 3.282 GC heap after
Heap after GC invocations=12 (full 2):
 PSYoungGen      total 28160K, used 0K [0x00000000eab00000, 0x00000000ee700000, 0x0000000100000000)
  eden space 25600K, 0% used [0x00000000eab00000,0x00000000eab00000,0x00000000ec400000)
  from space 2560K, 0% used [0x00000000ecd80000,0x00000000ecd80000,0x00000000ed000000)
  to   space 9728K, 0% used [0x00000000ec400000,0x00000000ec400000,0x00000000ecd80000)
 ParOldGen       total 44032K, used 41207K [0x00000000c0000000, 0x00000000c2b00000, 0x00000000eab00000)
  object space 44032K, 93% used [0x00000000c0000000,0x00000000c283df08,0x00000000c2b00000)
 Metaspace       used 6246K, capacity 7156K, committed 7296K, reserved 1056768K
  class space    used 605K, capacity 620K, committed 640K, reserved 1048576K
}
Event: 3.372 GC heap before
{Heap before GC invocations=13 (full 3):
 PSYoungGen      total 28160K, used 25600K [0x00000000eab00000, 0x00000000ee700000, 0x0000000100000000)
  eden space 25600K, 100% used [0x00000000eab00000,0x00000000ec400000,0x00000000ec400000)
  from space 2560K, 0% used [0x00000000ecd80000,0x00000000ecd80000,0x00000000ed000000)
  to   space 9728K, 0% used [0x00000000ec400000,0x00000000ec400000,0x00000000ecd80000)
 ParOldGen       total 44032K, used 41207K [0x00000000c0000000, 0x00000000c2b00000, 0x00000000eab00000)
  object space 44032K, 93% used [0x00000000c0000000,0x00000000c283df08,0x00000000c2b00000)
 Metaspace       used 6255K, capacity 7156K, committed 7296K, reserved 1056768K
  class space    used 605K, capacity 620K, committed 640K, reserved 1048576K
Event: 3.640 GC heap after
Heap after GC invocations=13 (full 3):
 PSYoungGen      total 28160K, used 0K [0x00000000eab00000, 0x00000000ee700000, 0x0000000100000000)
  eden space 25600K, 0% used [0x00000000eab00000,0x00000000eab00000,0x00000000ec400000)
  from space 2560K, 0% used [0x00000000ecd80000,0x00000000ecd80000,0x00000000ed000000)
  to   space 9728K, 0% used [0x00000000ec400000,0x00000000ec400000,0x00000000ecd80000)
 ParOldGen       total 44032K, used 43613K [0x00000000c0000000, 0x00000000c2b00000, 0x00000000eab00000)
  object space 44032K, 99% used [0x00000000c0000000,0x00000000c2a97748,0x00000000c2b00000)
 Metaspace       used 6255K, capacity 7156K, committed 7296K, reserved 1056768K
  class space    used 605K, capacity 620K, committed 640K, reserved 1048576K
}

Deoptimization events (10 events):
Event: 2.097 Thread 0x0000000016ca5000 Uncommon trap: reason=bimorphic action=maybe_recompile pc=0x00000000031101d0 method=com.android.dx.cf.code.BytecodeArray.parseInstruction(ILcom/android/dx/cf/code/BytecodeArray$Visitor;)I @ 955
Event: 2.184 Thread 0x0000000016cb5800 Uncommon trap: reason=bimorphic action=maybe_recompile pc=0x00000000030fdf50 method=com.android.dx.rop.code.RegisterSpec.withSimpleType()Lcom/android/dx/rop/code/RegisterSpec; @ 21
Event: 2.236 Thread 0x0000000016c7a000 Uncommon trap: reason=unstable_if action=reinterpret pc=0x0000000002f8b79c method=com.android.dx.ssa.SCCP.simulateStmt(Lcom/android/dx/ssa/SsaInsn;)V @ 59
Event: 2.276 Thread 0x0000000002961000 Uncommon trap: reason=unstable_if action=reinterpret pc=0x00000000030fdd48 method=com.android.dx.ssa.LocalVariableExtractor.processBlock(I)V @ 251
Event: 2.401 Thread 0x0000000016ca5800 Uncommon trap: reason=unstable_if action=reinterpret pc=0x000000000305a99c method=com.android.dx.ssa.SCCP.simulateBranch(Lcom/android/dx/ssa/SsaInsn;)V @ 64
Event: 2.405 Thread 0x0000000016ca5800 Uncommon trap: reason=unstable_if action=reinterpret pc=0x0000000002e7d85c method=com.android.dx.ssa.SsaMethod.updateOneDefinition(Lcom/android/dx/ssa/SsaInsn;Lcom/android/dx/rop/code/RegisterSpec;)V @ 4
Event: 3.348 Thread 0x0000000016ca5000 Uncommon trap: reason=unstable_if action=reinterpret pc=0x00000000031ff064 method=com.android.dx.cf.code.RopperMachine.run(Lcom/android/dx/cf/code/Frame;II)V @ 1500
Event: 3.350 Thread 0x0000000016ca5000 Uncommon trap: reason=bimorphic action=maybe_recompile pc=0x00000000031b9b00 method=com.android.dx.cf.code.BytecodeArray.parseInstruction(ILcom/android/dx/cf/code/BytecodeArray$Visitor;)I @ 1130
Event: 3.350 Thread 0x0000000016ca5000 Uncommon trap: reason=bimorphic action=maybe_recompile pc=0x00000000031b9b00 method=com.android.dx.cf.code.BytecodeArray.parseInstruction(ILcom/android/dx/cf/code/BytecodeArray$Visitor;)I @ 1130
Event: 3.654 Thread 0x0000000016ca5800 Uncommon trap: reason=bimorphic action=maybe_recompile pc=0x000000000319b180 method=com.android.dx.rop.code.RegisterSpec.getFrameType()Lcom/android/dx/rop/type/TypeBearer; @ 4

Internal exceptions (7 events):
Event: 0.038 Thread 0x0000000002961000 Exception <a 'java/lang/NoSuchMethodError': Method sun.misc.Unsafe.defineClass(Ljava/lang/String;[BII)Ljava/lang/Class; name or signature does not match> (0x00000000eab0d248) thrown at [D:\re\workspace\8-2-build-windows-amd64-cygwin\jdk8u40\3098\hotspot\sr«+UX_£?
Event: 0.038 Thread 0x0000000002961000 Exception <a 'java/lang/NoSuchMethodError': Method sun.misc.Unsafe.prefetchRead(Ljava/lang/Object;J)V name or signature does not match> (0x00000000eab0d4d8) thrown at [D:\re\workspace\8-2-build-windows-amd64-cygwin\jdk8u40\3098\hotspot\src\share\vm\prims\j6hÚ!æ?
Event: 0.692 Thread 0x0000000016c7a000 Implicit null exception at 0x0000000002d4b362 to 0x0000000002d4b401
Event: 1.106 Thread 0x0000000016c7a000 Exception <a 'java/lang/ArrayIndexOutOfBoundsException': 18> (0x00000000eb9d9ad0) thrown at [D:\re\workspace\8-2-build-windows-amd64-cygwin\jdk8u40\3098\hotspot\src\share\vm\interpreter\interpreterRuntime.cpp, line 366]
Event: 1.113 Thread 0x0000000016c7a000 Exception <a 'java/lang/ArrayIndexOutOfBoundsException'> (0x00000000eb9db5a0) thrown at [D:\re\workspace\8-2-build-windows-amd64-cygwin\jdk8u40\3098\hotspot\src\share\vm\runtime\sharedRuntime.cpp, line 605]
Event: 1.128 Thread 0x0000000016c7a000 Exception <a 'java/lang/ArrayIndexOutOfBoundsException'> (0x00000000eb9dc7d8) thrown at [D:\re\workspace\8-2-build-windows-amd64-cygwin\jdk8u40\3098\hotspot\src\share\vm\runtime\sharedRuntime.cpp, line 605]
Event: 1.535 Thread 0x0000000002961000 Implicit null exception at 0x0000000002d87c2a to 0x0000000002d89ae9

Events (10 events):
Event: 3.350 Thread 0x0000000016ca5000 Uncommon trap: trap_request=0xffffffc6 fr.pc=0x00000000031b9b00
Event: 3.350 Thread 0x0000000016ca5000 DEOPT PACKING pc=0x00000000031b9b00 sp=0x000000001727e460
Event: 3.350 Thread 0x0000000016ca5000 DEOPT UNPACKING pc=0x0000000002aa582a sp=0x000000001727e428 mode 2
Event: 3.368 Executing VM operation: ParallelGCFailedAllocation
Event: 3.640 Executing VM operation: ParallelGCFailedAllocation done
Event: 3.654 Thread 0x0000000016ca5800 Uncommon trap: trap_request=0xffffffc6 fr.pc=0x000000000319b180
Event: 3.654 Thread 0x0000000016ca5800 DEOPT PACKING pc=0x000000000319b180 sp=0x000000001737dd60
Event: 3.654 Thread 0x0000000016ca5800 DEOPT UNPACKING pc=0x0000000002aa582a sp=0x000000001737dbf0 mode 2
Event: 3.678 loading class com/android/dx/cf/attrib/AttAnnotationDefault
Event: 3.678 loading class com/android/dx/cf/attrib/AttAnnotationDefault done


Dynamic libraries:
0x00007ff76bb10000 - 0x00007ff76bb47000 	E:\Program Files\Java\jdk1.8.0_40\bin\java.exe
0x00007ffeac210000 - 0x00007ffeac3bc000 	C:\Windows\SYSTEM32\ntdll.dll
0x00007ffeab820000 - 0x00007ffeab95e000 	C:\Windows\system32\KERNEL32.DLL
0x00007ffea9540000 - 0x00007ffea9655000 	C:\Windows\system32\KERNELBASE.dll
0x00007ffea7f00000 - 0x00007ffea7f8e000 	C:\Windows\system32\apphelp.dll
0x00007ffe9cbc0000 - 0x00007ffe9cc13000 	C:\Windows\AppPatch\AppPatch64\AcGenral.DLL
0x00007ffeabec0000 - 0x00007ffeabf6a000 	C:\Windows\system32\msvcrt.dll
0x00007ffea9200000 - 0x00007ffea922e000 	C:\Windows\SYSTEM32\SspiCli.dll
0x00007ffeab4a0000 - 0x00007ffeab4f4000 	C:\Windows\system32\SHLWAPI.dll
0x00007ffeaba40000 - 0x00007ffeabbb7000 	C:\Windows\system32\USER32.dll
0x00007ffeabfb0000 - 0x00007ffeac144000 	C:\Windows\system32\ole32.dll
0x00007ffea9a70000 - 0x00007ffeaaf9b000 	C:\Windows\system32\SHELL32.dll
0x00007ffea8870000 - 0x00007ffea8891000 	C:\Windows\SYSTEM32\USERENV.dll
0x00007ffeabc40000 - 0x00007ffeabcea000 	C:\Windows\system32\ADVAPI32.dll
0x00007ffe9d3a0000 - 0x00007ffe9d3be000 	C:\Windows\SYSTEM32\MPR.dll
0x00007ffeabd70000 - 0x00007ffeabeb1000 	C:\Windows\system32\RPCRT4.dll
0x00007ffeab660000 - 0x00007ffeab6b9000 	C:\Windows\SYSTEM32\sechost.dll
0x00007ffeaafa0000 - 0x00007ffeab1b1000 	C:\Windows\SYSTEM32\combase.dll
0x00007ffeab6c0000 - 0x00007ffeab810000 	C:\Windows\system32\GDI32.dll
0x00007ffea9360000 - 0x00007ffea9375000 	C:\Windows\SYSTEM32\profapi.dll
0x00007ffea78b0000 - 0x00007ffea7962000 	C:\Windows\SYSTEM32\SHCORE.dll
0x00007ffeabf70000 - 0x00007ffeabfa6000 	C:\Windows\system32\IMM32.DLL
0x00007ffeab500000 - 0x00007ffeab651000 	C:\Windows\system32\MSCTF.dll
0x00007ffea6e70000 - 0x00007ffea70ea000 	C:\Windows\WinSxS\amd64_microsoft.windows.common-controls_6595b64144ccf1df_6.0.9600.17810_none_6240b9c7ecbd0bda\COMCTL32.dll
0x0000000050470000 - 0x0000000050542000 	E:\Program Files\Java\jdk1.8.0_40\jre\bin\msvcr100.dll
0x00000000508f0000 - 0x0000000051173000 	E:\Program Files\Java\jdk1.8.0_40\jre\bin\server\jvm.dll
0x00007ffea16e0000 - 0x00007ffea16e9000 	C:\Windows\SYSTEM32\WSOCK32.dll
0x00007ffea1780000 - 0x00007ffea17a2000 	C:\Windows\SYSTEM32\WINMM.dll
0x00007ffea70f0000 - 0x00007ffea70fa000 	C:\Windows\SYSTEM32\VERSION.dll
0x00007ffeabd60000 - 0x00007ffeabd67000 	C:\Windows\system32\PSAPI.DLL
0x00007ffeabd00000 - 0x00007ffeabd5a000 	C:\Windows\system32\WS2_32.dll
0x00007ffea1750000 - 0x00007ffea177a000 	C:\Windows\SYSTEM32\WINMMBASE.dll
0x00007ffeabcf0000 - 0x00007ffeabcf9000 	C:\Windows\system32\NSI.dll
0x00007ffea9840000 - 0x00007ffea988f000 	C:\Windows\SYSTEM32\cfgmgr32.dll
0x00007ffea8160000 - 0x00007ffea8188000 	C:\Windows\SYSTEM32\DEVOBJ.dll
0x00000000508e0000 - 0x00000000508ef000 	E:\Program Files\Java\jdk1.8.0_40\jre\bin\verify.dll
0x00000000508b0000 - 0x00000000508d9000 	E:\Program Files\Java\jdk1.8.0_40\jre\bin\java.dll
0x0000000050890000 - 0x00000000508a6000 	E:\Program Files\Java\jdk1.8.0_40\jre\bin\zip.dll
0x00007ffea6620000 - 0x00007ffea67aa000 	C:\Windows\SYSTEM32\dbghelp.dll

VM Arguments:
jvm_args: -Xmx1024M -Dfile.encoding=windows-1252 -Duser.country=GB -Duser.language=en -Duser.variant 
java_command: com.android.dx.command.Main --dex --num-threads=4 --multi-dex --main-dex-list C:\Users\Nathan\Desktop\Design-Demo-master\app\build\intermediates\multi-dex\debug\maindexlist.txt --output C:\Users\Nathan\Desktop\Design-Demo-master\app\build\intermediates\dex\debug C:\Users\Nathan\Desktop\Design-Demo-master\app\build\intermediates\multi-dex\debug\allclasses.jar
java_class_path (initial): E:\Android\Sdk\build-tools\23.0.1\lib\dx.jar
Launcher Type: SUN_STANDARD

Environment Variables:
JAVA_HOME=E:\Program Files\Java\jdk1.8.0_40
PATH=C:\ProgramData\Oracle\Java\javapath;C:\Windows\system32;C:\Windows;C:\Windows\System32\Wbem;C:\Windows\System32\WindowsPowerShell\v1.0\;C:\Program Files (x86)\ATI Technologies\ATI.ACE\Core-Static;E:\Program Files (x86)\QuickTime\QTSystem\;C:\Program Files (x86)\Windows Kits\8.0\Windows Performance Toolkit\;C:\Program Files\Microsoft SQL Server\110\Tools\Binn\;E:\Android\Sdk\platform-tools;E:\Program Files\TortoiseSVN\bin;C:\Program Files (x86)\Skype\Phone\
USERNAME=Nathan
OS=Windows_NT
PROCESSOR_IDENTIFIER=AMD64 Family 16 Model 4 Stepping 3, AuthenticAMD



---------------  S Y S T E M  ---------------

OS: Windows 8.1 , 64 bit Build 9600 (6.3.9600.17415)

CPU:total 4 (4 cores per cpu, 1 threads per core) family 16 model 4 stepping 3, cmov, cx8, fxsr, mmx, sse, sse2, sse3, popcnt, mmxext, 3dnowpref, lzcnt, sse4a, tsc, tscinvbit, tscinv

Memory: 4k page, physical 4192728k(173180k free), swap 16775640k(5008k free)

vm_info: Java HotSpot(TM) 64-Bit Server VM (25.40-b25) for windows-amd64 JRE (1.8.0_40-b26), built on Mar  7 2015 13:51:59 by "java_re" with MS VC++ 10.0 (VS2010)

time: Sun Jan 31 16:32:45 2016
elapsed time: 3 seconds (0d 0h 0m 3s)

