#
# There is insufficient memory for the Java Runtime Environment to continue.
# Native memory allocation (malloc) failed to allocate 262160 bytes for Chunk::new
# Possible reasons:
#   The system is out of physical RAM or swap space
#   In 32 bit mode, the process size limit was hit
# Possible solutions:
#   Reduce memory load on the system
#   Increase physical memory or swap space
#   Check if swap backing store is full
#   Use 64 bit Java on a 64 bit OS
#   Decrease Java heap size (-Xmx/-Xms)
#   Decrease number of Java threads
#   Decrease Java thread stack sizes (-Xss)
#   Set larger code cache with -XX:ReservedCodeCacheSize=
# This output file may be truncated or incomplete.
#
#  Out of Memory Error (allocation.cpp:390), pid=16304, tid=15432
#
# JRE version: Java(TM) SE Runtime Environment (8.0_40-b26) (build 1.8.0_40-b26)
# Java VM: Java HotSpot(TM) 64-Bit Server VM (25.40-b25 mixed mode windows-amd64 compressed oops)
# Failed to write core dump. Minidumps are not enabled by default on client versions of Windows
#

---------------  T H R E A D  ---------------

Current thread (0x000000001489c000):  JavaThread "C2 CompilerThread0" daemon [_thread_in_native, id=15432, stack(0x0000000015e10000,0x0000000015f10000)]

Stack: [0x0000000015e10000,0x0000000015f10000]
Native frames: (J=compiled Java code, j=interpreted, Vv=VM code, C=native code)
V  [jvm.dll+0x32b47a]
V  [jvm.dll+0x2797f3]
V  [jvm.dll+0x27a489]
V  [jvm.dll+0x2717a5]
V  [jvm.dll+0xcb9a2]
V  [jvm.dll+0xcbe6c]
V  [jvm.dll+0xcc1c4]
V  [jvm.dll+0x4ea008]
V  [jvm.dll+0x4477c7]
V  [jvm.dll+0x4dbb47]
V  [jvm.dll+0x4dc217]
V  [jvm.dll+0x46a551]
V  [jvm.dll+0x46cd52]
V  [jvm.dll+0x4500d2]
V  [jvm.dll+0xa4312]
V  [jvm.dll+0xa4c4f]
V  [jvm.dll+0x241914]
V  [jvm.dll+0x29848a]
C  [msvcr100.dll+0x21d9f]
C  [msvcr100.dll+0x21e3b]
C  [KERNEL32.DLL+0x13d2]
C  [ntdll.dll+0x15464]


Current CompileTask:
C2:  16136 2270       4       com.android.dx.dex.file.CodeItem::addContents (174 bytes)


---------------  P R O C E S S  ---------------

Java Threads: ( => current thread )
  0x000000001612a800 JavaThread "Service Thread" daemon [_thread_blocked, id=11784, stack(0x0000000016510000,0x0000000016610000)]
  0x00000000148c1800 JavaThread "C1 CompilerThread2" daemon [_thread_in_native, id=12584, stack(0x0000000016010000,0x0000000016110000)]
  0x00000000148a0000 JavaThread "C2 CompilerThread1" daemon [_thread_in_native, id=17188, stack(0x0000000015f10000,0x0000000016010000)]
=>0x000000001489c000 JavaThread "C2 CompilerThread0" daemon [_thread_in_native, id=15432, stack(0x0000000015e10000,0x0000000015f10000)]
  0x000000001489a800 JavaThread "Attach Listener" daemon [_thread_blocked, id=13408, stack(0x0000000015d10000,0x0000000015e10000)]
  0x0000000014899000 JavaThread "Signal Dispatcher" daemon [_thread_blocked, id=13684, stack(0x0000000015c10000,0x0000000015d10000)]
  0x00000000021c0000 JavaThread "Finalizer" daemon [_thread_blocked, id=16376, stack(0x0000000015b10000,0x0000000015c10000)]
  0x00000000021bd000 JavaThread "Reference Handler" daemon [_thread_blocked, id=3156, stack(0x0000000015a10000,0x0000000015b10000)]
  0x00000000020d1000 JavaThread "main" [_thread_in_Java, id=12688, stack(0x0000000001fd0000,0x00000000020d0000)]

Other Threads:
  0x0000000014867800 VMThread [stack: 0x0000000015910000,0x0000000015a10000] [id=10152]
  0x00000000148d6000 WatcherThread [stack: 0x0000000016610000,0x0000000016710000] [id=12808]

VM state:not at safepoint (normal execution)

VM Mutex/Monitor currently owned by a thread: None

Heap:
 PSYoungGen      total 68096K, used 17820K [0x00000000eab00000, 0x00000000f2800000, 0x0000000100000000)
  eden space 65536K, 27% used [0x00000000eab00000,0x00000000ebc671b8,0x00000000eeb00000)
  from space 2560K, 0% used [0x00000000eeb00000,0x00000000eeb00000,0x00000000eed80000)
  to   space 16896K, 0% used [0x00000000f1780000,0x00000000f1780000,0x00000000f2800000)
 ParOldGen       total 69120K, used 50313K [0x00000000c0000000, 0x00000000c4380000, 0x00000000eab00000)
  object space 69120K, 72% used [0x00000000c0000000,0x00000000c3122610,0x00000000c4380000)
 Metaspace       used 6516K, capacity 7568K, committed 7936K, reserved 1056768K
  class space    used 598K, capacity 648K, committed 768K, reserved 1048576K

Card table byte_map: [0x0000000011590000,0x00000000117a0000] byte_map_base: 0x0000000010f90000

Marking Bits: (ParMarkBitMap*) 0x00000000510f4040
 Begin Bits: [0x0000000011d00000, 0x0000000012d00000)
 End Bits:   [0x0000000012d00000, 0x0000000013d00000)

Polling page: 0x0000000000710000

CodeCache: size=245760Kb used=13784Kb max_used=13784Kb free=231975Kb
 bounds [0x00000000021d0000, 0x0000000002f60000, 0x00000000111d0000]
 total_blobs=2932 nmethods=2666 adapters=179
 compilation: enabled

Compilation events (10 events):
Event: 15.993 Thread 0x00000000148c1800 nmethod 2640 0x0000000002f19150 code [0x0000000002f192c0, 0x0000000002f196b8]
Event: 15.993 Thread 0x00000000148a0000 2597       4       java.util.AbstractList::<init> (10 bytes)
Event: 15.993 Thread 0x00000000148a0000 nmethod 2597 0x0000000002ea4990 code [0x0000000002ea4ac0, 0x0000000002ea4b18]
Event: 15.993 Thread 0x00000000148a0000 2642       4       java.util.Arrays::rangeCheck (74 bytes)
Event: 15.993 Thread 0x00000000148a0000 nmethod 2642 0x0000000002f18ed0 code [0x0000000002f19000, 0x0000000002f19098]
Event: 15.993 Thread 0x00000000148a0000 2371       4       java.util.TreeMap::get (19 bytes)
Event: 15.995 Thread 0x00000000148a0000 nmethod 2371 0x0000000002f18a90 code [0x0000000002f18be0, 0x0000000002f18d38]
Event: 15.995 Thread 0x00000000148a0000 2463       4       com.android.dx.rop.code.SourcePosition::equals (46 bytes)
Event: 15.996 Thread 0x00000000148a0000 nmethod 2463 0x0000000002f18790 code [0x0000000002f188e0, 0x0000000002f18998]
Event: 15.996 Thread 0x00000000148a0000 2258       4       com.android.dx.dex.file.DexFile::internIfAppropriate (128 bytes)

GC Heap History (10 events):
Event: 12.900 GC heap before
{Heap before GC invocations=7 (full 1):
 PSYoungGen      total 68096K, used 2535K [0x00000000eab00000, 0x00000000ef000000, 0x0000000100000000)
  eden space 65536K, 0% used [0x00000000eab00000,0x00000000eab00000,0x00000000eeb00000)
  from space 2560K, 99% used [0x00000000eed80000,0x00000000eeff9f20,0x00000000ef000000)
  to   space 2560K, 0% used [0x00000000eeb00000,0x00000000eeb00000,0x00000000eed80000)
 ParOldGen       total 44032K, used 37068K [0x00000000c0000000, 0x00000000c2b00000, 0x00000000eab00000)
  object space 44032K, 84% used [0x00000000c0000000,0x00000000c2433028,0x00000000c2b00000)
 Metaspace       used 5962K, capacity 7152K, committed 7296K, reserved 1056768K
  class space    used 558K, capacity 616K, committed 640K, reserved 1048576K
Event: 13.264 GC heap after
Heap after GC invocations=7 (full 1):
 PSYoungGen      total 68096K, used 0K [0x00000000eab00000, 0x00000000ef000000, 0x0000000100000000)
  eden space 65536K, 0% used [0x00000000eab00000,0x00000000eab00000,0x00000000eeb00000)
  from space 2560K, 0% used [0x00000000eed80000,0x00000000eed80000,0x00000000ef000000)
  to   space 2560K, 0% used [0x00000000eeb00000,0x00000000eeb00000,0x00000000eed80000)
 ParOldGen       total 69120K, used 35300K [0x00000000c0000000, 0x00000000c4380000, 0x00000000eab00000)
  object space 69120K, 51% used [0x00000000c0000000,0x00000000c22793c8,0x00000000c4380000)
 Metaspace       used 5962K, capacity 7152K, committed 7296K, reserved 1056768K
  class space    used 558K, capacity 616K, committed 640K, reserved 1048576K
}
Event: 13.901 GC heap before
{Heap before GC invocations=8 (full 1):
 PSYoungGen      total 68096K, used 65536K [0x00000000eab00000, 0x00000000ef000000, 0x0000000100000000)
  eden space 65536K, 100% used [0x00000000eab00000,0x00000000eeb00000,0x00000000eeb00000)
  from space 2560K, 0% used [0x00000000eed80000,0x00000000eed80000,0x00000000ef000000)
  to   space 2560K, 0% used [0x00000000eeb00000,0x00000000eeb00000,0x00000000eed80000)
 ParOldGen       total 69120K, used 35300K [0x00000000c0000000, 0x00000000c4380000, 0x00000000eab00000)
  object space 69120K, 51% used [0x00000000c0000000,0x00000000c22793c8,0x00000000c4380000)
 Metaspace       used 6069K, capacity 7152K, committed 7296K, reserved 1056768K
  class space    used 576K, capacity 616K, committed 640K, reserved 1048576K
Event: 13.930 GC heap after
Heap after GC invocations=8 (full 1):
 PSYoungGen      total 68096K, used 2560K [0x00000000eab00000, 0x00000000ef000000, 0x0000000100000000)
  eden space 65536K, 0% used [0x00000000eab00000,0x00000000eab00000,0x00000000eeb00000)
  from space 2560K, 100% used [0x00000000eeb00000,0x00000000eed80000,0x00000000eed80000)
  to   space 2560K, 0% used [0x00000000eed80000,0x00000000eed80000,0x00000000ef000000)
 ParOldGen       total 69120K, used 43140K [0x00000000c0000000, 0x00000000c4380000, 0x00000000eab00000)
  object space 69120K, 62% used [0x00000000c0000000,0x00000000c2a21190,0x00000000c4380000)
 Metaspace       used 6069K, capacity 7152K, committed 7296K, reserved 1056768K
  class space    used 576K, capacity 616K, committed 640K, reserved 1048576K
}
Event: 14.249 GC heap before
{Heap before GC invocations=9 (full 1):
 PSYoungGen      total 68096K, used 68096K [0x00000000eab00000, 0x00000000ef000000, 0x0000000100000000)
  eden space 65536K, 100% used [0x00000000eab00000,0x00000000eeb00000,0x00000000eeb00000)
  from space 2560K, 100% used [0x00000000eeb00000,0x00000000eed80000,0x00000000eed80000)
  to   space 2560K, 0% used [0x00000000eed80000,0x00000000eed80000,0x00000000ef000000)
 ParOldGen       total 69120K, used 43140K [0x00000000c0000000, 0x00000000c4380000, 0x00000000eab00000)
  object space 69120K, 62% used [0x00000000c0000000,0x00000000c2a21190,0x00000000c4380000)
 Metaspace       used 6071K, capacity 7152K, committed 7296K, reserved 1056768K
  class space    used 576K, capacity 616K, committed 640K, reserved 1048576K
Event: 14.284 GC heap after
Heap after GC invocations=9 (full 1):
 PSYoungGen      total 68096K, used 2550K [0x00000000eab00000, 0x00000000ef000000, 0x0000000100000000)
  eden space 65536K, 0% used [0x00000000eab00000,0x00000000eab00000,0x00000000eeb00000)
  from space 2560K, 99% used [0x00000000eed80000,0x00000000eeffd920,0x00000000ef000000)
  to   space 2560K, 0% used [0x00000000eeb00000,0x00000000eeb00000,0x00000000eed80000)
 ParOldGen       total 69120K, used 52556K [0x00000000c0000000, 0x00000000c4380000, 0x00000000eab00000)
  object space 69120K, 76% used [0x00000000c0000000,0x00000000c33533d8,0x00000000c4380000)
 Metaspace       used 6071K, capacity 7152K, committed 7296K, reserved 1056768K
  class space    used 576K, capacity 616K, committed 640K, reserved 1048576K
}
Event: 15.217 GC heap before
{Heap before GC invocations=10 (full 1):
 PSYoungGen      total 68096K, used 68086K [0x00000000eab00000, 0x00000000ef000000, 0x0000000100000000)
  eden space 65536K, 100% used [0x00000000eab00000,0x00000000eeb00000,0x00000000eeb00000)
  from space 2560K, 99% used [0x00000000eed80000,0x00000000eeffd920,0x00000000ef000000)
  to   space 2560K, 0% used [0x00000000eeb00000,0x00000000eeb00000,0x00000000eed80000)
 ParOldGen       total 69120K, used 52556K [0x00000000c0000000, 0x00000000c4380000, 0x00000000eab00000)
  object space 69120K, 76% used [0x00000000c0000000,0x00000000c33533d8,0x00000000c4380000)
 Metaspace       used 6387K, capacity 7408K, committed 7552K, reserved 1056768K
  class space    used 595K, capacity 616K, committed 640K, reserved 1048576K
Event: 15.259 GC heap after
Heap after GC invocations=10 (full 1):
 PSYoungGen      total 68096K, used 2535K [0x00000000eab00000, 0x00000000f2800000, 0x0000000100000000)
  eden space 65536K, 0% used [0x00000000eab00000,0x00000000eab00000,0x00000000eeb00000)
  from space 2560K, 99% used [0x00000000eeb00000,0x00000000eed79e08,0x00000000eed80000)
  to   space 16896K, 0% used [0x00000000f1780000,0x00000000f1780000,0x00000000f2800000)
 ParOldGen       total 69120K, used 62897K [0x00000000c0000000, 0x00000000c4380000, 0x00000000eab00000)
  object space 69120K, 90% used [0x00000000c0000000,0x00000000c3d6c5e0,0x00000000c4380000)
 Metaspace       used 6387K, capacity 7408K, committed 7552K, reserved 1056768K
  class space    used 595K, capacity 616K, committed 640K, reserved 1048576K
}
Event: 15.259 GC heap before
{Heap before GC invocations=11 (full 2):
 PSYoungGen      total 68096K, used 2535K [0x00000000eab00000, 0x00000000f2800000, 0x0000000100000000)
  eden space 65536K, 0% used [0x00000000eab00000,0x00000000eab00000,0x00000000eeb00000)
  from space 2560K, 99% used [0x00000000eeb00000,0x00000000eed79e08,0x00000000eed80000)
  to   space 16896K, 0% used [0x00000000f1780000,0x00000000f1780000,0x00000000f2800000)
 ParOldGen       total 69120K, used 62897K [0x00000000c0000000, 0x00000000c4380000, 0x00000000eab00000)
  object space 69120K, 90% used [0x00000000c0000000,0x00000000c3d6c5e0,0x00000000c4380000)
 Metaspace       used 6387K, capacity 7408K, committed 7552K, reserved 1056768K
  class space    used 595K, capacity 616K, committed 640K, reserved 1048576K
Event: 15.686 GC heap after
Heap after GC invocations=11 (full 2):
 PSYoungGen      total 68096K, used 0K [0x00000000eab00000, 0x00000000f2800000, 0x0000000100000000)
  eden space 65536K, 0% used [0x00000000eab00000,0x00000000eab00000,0x00000000eeb00000)
  from space 2560K, 0% used [0x00000000eeb00000,0x00000000eeb00000,0x00000000eed80000)
  to   space 16896K, 0% used [0x00000000f1780000,0x00000000f1780000,0x00000000f2800000)
 ParOldGen       total 69120K, used 50313K [0x00000000c0000000, 0x00000000c4380000, 0x00000000eab00000)
  object space 69120K, 72% used [0x00000000c0000000,0x00000000c3122610,0x00000000c4380000)
 Metaspace       used 6387K, capacity 7408K, committed 7552K, reserved 1056768K
  class space    used 595K, capacity 616K, committed 640K, reserved 1048576K
}

Deoptimization events (10 events):
Event: 14.542 Thread 0x00000000020d1000 Uncommon trap: reason=class_check action=maybe_recompile pc=0x00000000026c4c68 method=java.util.Arrays.hashCode([Ljava/lang/Object;)I @ 43
Event: 15.068 Thread 0x00000000020d1000 Uncommon trap: reason=speculate_class_check action=maybe_recompile pc=0x00000000025dd554 method=com.android.dx.util.FixedSizeList.equals(Ljava/lang/Object;)Z @ 25
Event: 15.068 Thread 0x00000000020d1000 Uncommon trap: reason=class_check action=maybe_recompile pc=0x00000000025d42e0 method=java.util.Arrays.equals([Ljava/lang/Object;[Ljava/lang/Object;)Z @ 62
Event: 15.068 Thread 0x00000000020d1000 Uncommon trap: reason=speculate_class_check action=maybe_recompile pc=0x00000000025dd554 method=com.android.dx.util.FixedSizeList.equals(Ljava/lang/Object;)Z @ 25
Event: 15.068 Thread 0x00000000020d1000 Uncommon trap: reason=class_check action=maybe_recompile pc=0x00000000025d42e0 method=java.util.Arrays.equals([Ljava/lang/Object;[Ljava/lang/Object;)Z @ 62
Event: 15.068 Thread 0x00000000020d1000 Uncommon trap: reason=speculate_class_check action=maybe_recompile pc=0x00000000025dd554 method=com.android.dx.util.FixedSizeList.equals(Ljava/lang/Object;)Z @ 25
Event: 15.069 Thread 0x00000000020d1000 Uncommon trap: reason=unstable_if action=reinterpret pc=0x00000000025d42bc method=java.util.Arrays.equals([Ljava/lang/Object;[Ljava/lang/Object;)Z @ 23
Event: 15.069 Thread 0x00000000020d1000 Uncommon trap: reason=speculate_class_check action=maybe_recompile pc=0x00000000025dd554 method=com.android.dx.util.FixedSizeList.equals(Ljava/lang/Object;)Z @ 25
Event: 15.069 Thread 0x00000000020d1000 Uncommon trap: reason=unstable_if action=reinterpret pc=0x0000000002985ed4 method=java.util.TreeMap.put(Ljava/lang/Object;Ljava/lang/Object;)Ljava/lang/Object; @ 163
Event: 15.967 Thread 0x00000000020d1000 Uncommon trap: reason=unstable_if action=reinterpret pc=0x000000000298f658 method=java.util.ArrayList.<init>(I)V @ 5

Internal exceptions (7 events):
Event: 0.259 Thread 0x00000000020d1000 Exception <a 'java/lang/NoSuchMethodError': Method sun.misc.Unsafe.defineClass(Ljava/lang/String;[BII)Ljava/lang/Class; name or signature does not match> (0x00000000eab0d1f0) thrown at [D:\re\workspace\8-2-build-windows-amd64-cygwin\jdk8u40\3098\hotspot\sr—u#$πô–?
Event: 0.259 Thread 0x00000000020d1000 Exception <a 'java/lang/NoSuchMethodError': Method sun.misc.Unsafe.prefetchRead(Ljava/lang/Object;J)V name or signature does not match> (0x00000000eab0d480) thrown at [D:\re\workspace\8-2-build-windows-amd64-cygwin\jdk8u40\3098\hotspot\src\share\vm\prims\jcØ∑ID"@
Event: 9.133 Thread 0x00000000020d1000 Implicit null exception at 0x00000000027982c9 to 0x000000000279a339
Event: 11.481 Thread 0x00000000020d1000 Implicit null exception at 0x000000000272b10d to 0x000000000272c215
Event: 13.294 Thread 0x00000000020d1000 Exception <a 'java/lang/ArrayIndexOutOfBoundsException': 18> (0x00000000eae886e8) thrown at [D:\re\workspace\8-2-build-windows-amd64-cygwin\jdk8u40\3098\hotspot\src\share\vm\interpreter\interpreterRuntime.cpp, line 366]
Event: 13.296 Thread 0x00000000020d1000 Exception <a 'java/lang/ArrayIndexOutOfBoundsException'> (0x00000000eae8a1b8) thrown at [D:\re\workspace\8-2-build-windows-amd64-cygwin\jdk8u40\3098\hotspot\src\share\vm\runtime\sharedRuntime.cpp, line 605]
Event: 13.297 Thread 0x00000000020d1000 Exception <a 'java/lang/ArrayIndexOutOfBoundsException'> (0x00000000eae8b3f0) thrown at [D:\re\workspace\8-2-build-windows-amd64-cygwin\jdk8u40\3098\hotspot\src\share\vm\runtime\sharedRuntime.cpp, line 605]

Events (10 events):
Event: 15.961 Thread 0x00000000148c1800 flushing nmethod 0x000000000230bf50
Event: 15.966 loading class com/android/dx/dex/file/DebugInfoEncoder
Event: 15.966 loading class com/android/dx/dex/file/DebugInfoEncoder done
Event: 15.967 loading class com/android/dx/dex/file/DebugInfoEncoder$1
Event: 15.967 loading class com/android/dx/dex/file/DebugInfoEncoder$1 done
Event: 15.967 Thread 0x00000000020d1000 Uncommon trap: trap_request=0xffffff65 fr.pc=0x000000000298f658
Event: 15.967 Thread 0x00000000020d1000 DEOPT PACKING pc=0x000000000298f658 sp=0x00000000020cea80
Event: 15.967 Thread 0x00000000020d1000 DEOPT UNPACKING pc=0x000000000221582a sp=0x00000000020cea28 mode 2
Event: 15.967 loading class com/android/dx/dex/file/DebugInfoEncoder$2
Event: 15.967 loading class com/android/dx/dex/file/DebugInfoEncoder$2 done


Dynamic libraries:
0x00007ff76bb10000 - 0x00007ff76bb47000 	E:\Program Files\Java\jdk1.8.0_40\bin\java.exe
0x00007ffeac210000 - 0x00007ffeac3bc000 	C:\Windows\SYSTEM32\ntdll.dll
0x00007ffeab820000 - 0x00007ffeab95e000 	C:\Windows\system32\KERNEL32.DLL
0x00007ffea9540000 - 0x00007ffea9655000 	C:\Windows\system32\KERNELBASE.dll
0x00007ffea7f00000 - 0x00007ffea7f8e000 	C:\Windows\system32\apphelp.dll
0x00007ffe9cbc0000 - 0x00007ffe9cc13000 	C:\Windows\AppPatch\AppPatch64\AcGenral.DLL
0x00007ffeabec0000 - 0x00007ffeabf6a000 	C:\Windows\system32\msvcrt.dll
0x00007ffea9200000 - 0x00007ffea922e000 	C:\Windows\SYSTEM32\SspiCli.dll
0x00007ffeab4a0000 - 0x00007ffeab4f4000 	C:\Windows\system32\SHLWAPI.dll
0x00007ffeaba40000 - 0x00007ffeabbb7000 	C:\Windows\system32\USER32.dll
0x00007ffeabfb0000 - 0x00007ffeac144000 	C:\Windows\system32\ole32.dll
0x00007ffea9a70000 - 0x00007ffeaaf9b000 	C:\Windows\system32\SHELL32.dll
0x00007ffea8870000 - 0x00007ffea8891000 	C:\Windows\SYSTEM32\USERENV.dll
0x00007ffeabc40000 - 0x00007ffeabcea000 	C:\Windows\system32\ADVAPI32.dll
0x00007ffe9d3a0000 - 0x00007ffe9d3be000 	C:\Windows\SYSTEM32\MPR.dll
0x00007ffeabd70000 - 0x00007ffeabeb1000 	C:\Windows\system32\RPCRT4.dll
0x00007ffeab660000 - 0x00007ffeab6b9000 	C:\Windows\SYSTEM32\sechost.dll
0x00007ffeaafa0000 - 0x00007ffeab1b1000 	C:\Windows\SYSTEM32\combase.dll
0x00007ffeab6c0000 - 0x00007ffeab810000 	C:\Windows\system32\GDI32.dll
0x00007ffea9360000 - 0x00007ffea9375000 	C:\Windows\SYSTEM32\profapi.dll
0x00007ffea78b0000 - 0x00007ffea7962000 	C:\Windows\SYSTEM32\SHCORE.dll
0x00007ffeabf70000 - 0x00007ffeabfa6000 	C:\Windows\system32\IMM32.DLL
0x00007ffeab500000 - 0x00007ffeab651000 	C:\Windows\system32\MSCTF.dll
0x00007ffea6e70000 - 0x00007ffea70ea000 	C:\Windows\WinSxS\amd64_microsoft.windows.common-controls_6595b64144ccf1df_6.0.9600.17810_none_6240b9c7ecbd0bda\COMCTL32.dll
0x0000000050470000 - 0x0000000050542000 	E:\Program Files\Java\jdk1.8.0_40\jre\bin\msvcr100.dll
0x00000000508f0000 - 0x0000000051173000 	E:\Program Files\Java\jdk1.8.0_40\jre\bin\server\jvm.dll
0x00007ffea16e0000 - 0x00007ffea16e9000 	C:\Windows\SYSTEM32\WSOCK32.dll
0x00007ffea1780000 - 0x00007ffea17a2000 	C:\Windows\SYSTEM32\WINMM.dll
0x00007ffea70f0000 - 0x00007ffea70fa000 	C:\Windows\SYSTEM32\VERSION.dll
0x00007ffeabd60000 - 0x00007ffeabd67000 	C:\Windows\system32\PSAPI.DLL
0x00007ffeabd00000 - 0x00007ffeabd5a000 	C:\Windows\system32\WS2_32.dll
0x00007ffea1750000 - 0x00007ffea177a000 	C:\Windows\SYSTEM32\WINMMBASE.dll
0x00007ffeabcf0000 - 0x00007ffeabcf9000 	C:\Windows\system32\NSI.dll
0x00007ffea9840000 - 0x00007ffea988f000 	C:\Windows\SYSTEM32\cfgmgr32.dll
0x00007ffea8160000 - 0x00007ffea8188000 	C:\Windows\SYSTEM32\DEVOBJ.dll
0x00000000508e0000 - 0x00000000508ef000 	E:\Program Files\Java\jdk1.8.0_40\jre\bin\verify.dll
0x00000000508b0000 - 0x00000000508d9000 	E:\Program Files\Java\jdk1.8.0_40\jre\bin\java.dll
0x0000000050890000 - 0x00000000508a6000 	E:\Program Files\Java\jdk1.8.0_40\jre\bin\zip.dll
0x00007ffea6620000 - 0x00007ffea67aa000 	C:\Windows\SYSTEM32\dbghelp.dll

VM Arguments:
jvm_args: -Xmx1024M -Dfile.encoding=windows-1252 -Duser.country=GB -Duser.language=en -Duser.variant 
java_command: com.android.dx.command.Main --dex --output C:\Users\Nathan\Desktop\Design-Demo-master\app\build\intermediates\pre-dexed\debug\classes-c041260e52fc6281bb3150eb859d300155a3ca8c.jar C:\Users\Nathan\Desktop\Design-Demo-master\app\build\intermediates\exploded-aar\com.android.support\support-v4\22.2.1\jars\classes.jar
java_class_path (initial): E:\Android\Sdk\build-tools\22.0.1\lib\dx.jar
Launcher Type: SUN_STANDARD

Environment Variables:
JAVA_HOME=E:\Program Files\Java\jdk1.8.0_40
PATH=C:\ProgramData\Oracle\Java\javapath;C:\Windows\system32;C:\Windows;C:\Windows\System32\Wbem;C:\Windows\System32\WindowsPowerShell\v1.0\;C:\Program Files (x86)\ATI Technologies\ATI.ACE\Core-Static;E:\Program Files (x86)\QuickTime\QTSystem\;C:\Program Files (x86)\Windows Kits\8.0\Windows Performance Toolkit\;C:\Program Files\Microsoft SQL Server\110\Tools\Binn\;E:\Android\Sdk\platform-tools;E:\Program Files\TortoiseSVN\bin;C:\Program Files (x86)\Skype\Phone\
USERNAME=Nathan
OS=Windows_NT
PROCESSOR_IDENTIFIER=AMD64 Family 16 Model 4 Stepping 3, AuthenticAMD



---------------  S Y S T E M  ---------------

OS: Windows 8.1 , 64 bit Build 9600 (6.3.9600.17415)

CPU:total 4 (4 cores per cpu, 1 threads per core) family 16 model 4 stepping 3, cmov, cx8, fxsr, mmx, sse, sse2, sse3, popcnt, mmxext, 3dnowpref, lzcnt, sse4a, tsc, tscinvbit, tscinv

Memory: 4k page, physical 4192728k(354876k free), swap 16775640k(5552k free)

vm_info: Java HotSpot(TM) 64-Bit Server VM (25.40-b25) for windows-amd64 JRE (1.8.0_40-b26), built on Mar  7 2015 13:51:59 by "java_re" with MS VC++ 10.0 (VS2010)

time: Sun Jan 31 16:18:29 2016
elapsed time: 16 seconds (0d 0h 0m 16s)

