#
# There is insufficient memory for the Java Runtime Environment to continue.
# Native memory allocation (malloc) failed to allocate 70176 bytes for Chunk::new
# Possible reasons:
#   The system is out of physical RAM or swap space
#   In 32 bit mode, the process size limit was hit
# Possible solutions:
#   Reduce memory load on the system
#   Increase physical memory or swap space
#   Check if swap backing store is full
#   Use 64 bit Java on a 64 bit OS
#   Decrease Java heap size (-Xmx/-Xms)
#   Decrease number of Java threads
#   Decrease Java thread stack sizes (-Xss)
#   Set larger code cache with -XX:ReservedCodeCacheSize=
# This output file may be truncated or incomplete.
#
#  Out of Memory Error (allocation.cpp:390), pid=1764, tid=16692
#
# JRE version: Java(TM) SE Runtime Environment (8.0_40-b26) (build 1.8.0_40-b26)
# Java VM: Java HotSpot(TM) 64-Bit Server VM (25.40-b25 mixed mode windows-amd64 compressed oops)
# Failed to write core dump. Minidumps are not enabled by default on client versions of Windows
#

---------------  T H R E A D  ---------------

Current thread (0x0000000014ef5800):  JavaThread "C2 CompilerThread1" daemon [_thread_in_native, id=16692, stack(0x0000000016510000,0x0000000016610000)]

Stack: [0x0000000016510000,0x0000000016610000]
Native frames: (J=compiled Java code, j=interpreted, Vv=VM code, C=native code)
V  [jvm.dll+0x32b47a]


Current CompileTask:
C2:   2088  940       4       com.android.dx.ssa.DeadCodeRemover$NoSideEffectVisitor::visitNonMoveInsn (28 bytes)


---------------  P R O C E S S  ---------------

Java Threads: ( => current thread )
  0x0000000016715800 JavaThread "Service Thread" daemon [_thread_blocked, id=15764, stack(0x0000000016b10000,0x0000000016c10000)]
  0x0000000014ef8800 JavaThread "C1 CompilerThread2" daemon [_thread_blocked, id=15300, stack(0x0000000016610000,0x0000000016710000)]
=>0x0000000014ef5800 JavaThread "C2 CompilerThread1" daemon [_thread_in_native, id=16692, stack(0x0000000016510000,0x0000000016610000)]
  0x0000000014e9c000 JavaThread "C2 CompilerThread0" daemon [_thread_blocked, id=1032, stack(0x0000000016410000,0x0000000016510000)]
  0x0000000014e9a800 JavaThread "Attach Listener" daemon [_thread_blocked, id=16596, stack(0x0000000016310000,0x0000000016410000)]
  0x0000000014e99000 JavaThread "Signal Dispatcher" daemon [_thread_blocked, id=13664, stack(0x0000000016210000,0x0000000016310000)]
  0x00000000026c6000 JavaThread "Finalizer" daemon [_thread_blocked, id=9624, stack(0x0000000016110000,0x0000000016210000)]
  0x00000000026bd000 JavaThread "Reference Handler" daemon [_thread_blocked, id=8836, stack(0x0000000016010000,0x0000000016110000)]
  0x00000000025d1000 JavaThread "main" [_thread_in_Java, id=16420, stack(0x0000000000d90000,0x0000000000e90000)]

Other Threads:
  0x0000000014e67800 VMThread [stack: 0x0000000015f10000,0x0000000016010000] [id=13612]
  0x0000000016716000 WatcherThread [stack: 0x0000000016c10000,0x0000000016d10000] [id=17208]

VM state:not at safepoint (normal execution)

VM Mutex/Monitor currently owned by a thread: None

Heap:
 PSYoungGen      total 18944K, used 13468K [0x00000000eab00000, 0x00000000ec000000, 0x0000000100000000)
  eden space 16384K, 82% used [0x00000000eab00000,0x00000000eb8270f8,0x00000000ebb00000)
  from space 2560K, 0% used [0x00000000ebd80000,0x00000000ebd80000,0x00000000ec000000)
  to   space 2560K, 0% used [0x00000000ebb00000,0x00000000ebb00000,0x00000000ebd80000)
 ParOldGen       total 44032K, used 0K [0x00000000c0000000, 0x00000000c2b00000, 0x00000000eab00000)
  object space 44032K, 0% used [0x00000000c0000000,0x00000000c0000000,0x00000000c2b00000)
 Metaspace       used 5387K, capacity 6704K, committed 6784K, reserved 1056768K
  class space    used 544K, capacity 616K, committed 640K, reserved 1048576K

Card table byte_map: [0x0000000011b90000,0x0000000011da0000] byte_map_base: 0x0000000011590000

Marking Bits: (ParMarkBitMap*) 0x00000000510f4040
 Begin Bits: [0x0000000012300000, 0x0000000013300000)
 End Bits:   [0x0000000013300000, 0x0000000014300000)

Polling page: 0x0000000000c60000

CodeCache: size=245760Kb used=3862Kb max_used=3862Kb free=241897Kb
 bounds [0x00000000027d0000, 0x0000000002ba0000, 0x00000000117d0000]
 total_blobs=1206 nmethods=942 adapters=178
 compilation: enabled

Compilation events (10 events):
Event: 2.085 Thread 0x0000000014ef8800  938       3       com.android.dx.rop.code.RegisterSpec::withSimpleType (59 bytes)
Event: 2.085 Thread 0x0000000014ef5800  940       4       com.android.dx.ssa.DeadCodeRemover$NoSideEffectVisitor::visitNonMoveInsn (28 bytes)
Event: 2.085 Thread 0x0000000014ef8800 nmethod 938 0x0000000002b95190 code [0x0000000002b95340, 0x0000000002b95aa8]
Event: 2.085 Thread 0x0000000014ef8800  939       3       com.android.dx.rop.code.RegisterSpecSet::localItemToSpec (49 bytes)
Event: 2.085 Thread 0x0000000014ef8800 nmethod 939 0x0000000002b95c50 code [0x0000000002b95de0, 0x0000000002b963a8]
Event: 2.085 Thread 0x0000000014ef8800  941       3       com.android.dx.ssa.BasicRegisterMapper::oldToNew (22 bytes)
Event: 2.086 Thread 0x0000000014ef8800 nmethod 941 0x0000000002b965d0 code [0x0000000002b96740, 0x0000000002b96a28]
Event: 2.086 Thread 0x0000000014ef8800  942       3       java.util.TreeMap$EntryIterator::next (5 bytes)
Event: 2.086 Thread 0x0000000014ef8800 nmethod 942 0x0000000002b96b10 code [0x0000000002b96c80, 0x0000000002b96f68]
Event: 2.086 Thread 0x0000000014ef8800  943       1       com.android.dx.dex.code.RopTranslator::access$200 (5 bytes)

GC Heap History (0 events):
No events

Deoptimization events (4 events):
Event: 1.454 Thread 0x00000000025d1000 Uncommon trap: reason=unstable_if action=reinterpret pc=0x00000000029ece28 method=java.util.HashMap.getNode(ILjava/lang/Object;)Ljava/util/HashMap$Node; @ 62
Event: 1.649 Thread 0x00000000025d1000 Uncommon trap: reason=unstable_if action=reinterpret pc=0x0000000002a3e3b4 method=java.util.HashMap.getNode(ILjava/lang/Object;)Ljava/util/HashMap$Node; @ 62
Event: 1.659 Thread 0x00000000025d1000 Uncommon trap: reason=unstable_if action=reinterpret pc=0x0000000002a0e3b0 method=java.util.BitSet.nextSetBit(I)I @ 87
Event: 1.794 Thread 0x00000000025d1000 Uncommon trap: reason=unstable_if action=reinterpret pc=0x0000000002a71674 method=java.util.BitSet.ensureCapacity(I)V @ 6

Internal exceptions (2 events):
Event: 0.257 Thread 0x00000000025d1000 Exception <a 'java/lang/NoSuchMethodError': Method sun.misc.Unsafe.defineClass(Ljava/lang/String;[BII)Ljava/lang/Class; name or signature does not match> (0x00000000eab0d1f0) thrown at [D:\re\workspace\8-2-build-windows-amd64-cygwin\jdk8u40\3098\hotspot\srÕeõ6s–?
Event: 0.257 Thread 0x00000000025d1000 Exception <a 'java/lang/NoSuchMethodError': Method sun.misc.Unsafe.prefetchRead(Ljava/lang/Object;J)V name or signature does not match> (0x00000000eab0d480) thrown at [D:\re\workspace\8-2-build-windows-amd64-cygwin\jdk8u40\3098\hotspot\src\share\vm\prims\j

Events (10 events):
Event: 1.772 loading class java/util/TreeMap$EntrySet done
Event: 1.772 loading class java/util/TreeMap$EntryIterator
Event: 1.772 loading class java/util/TreeMap$EntryIterator done
Event: 1.778 loading class com/android/dx/cf/code/BytecodeArray$ConstantParserVisitor
Event: 1.778 loading class com/android/dx/cf/code/BytecodeArray$ConstantParserVisitor done
Event: 1.793 Thread 0x00000000025d1000 Uncommon trap: trap_request=0xffffff65 fr.pc=0x0000000002a71674
Event: 1.794 Thread 0x00000000025d1000 DEOPT PACKING pc=0x0000000002a71674 sp=0x0000000000e8e730
Event: 1.794 Thread 0x00000000025d1000 DEOPT UNPACKING pc=0x000000000281582a sp=0x0000000000e8e618 mode 2
Event: 2.057 loading class com/android/dx/cf/attrib/AttEnclosingMethod
Event: 2.057 loading class com/android/dx/cf/attrib/AttEnclosingMethod done


Dynamic libraries:
0x00007ff76bb10000 - 0x00007ff76bb47000 	E:\Program Files\Java\jdk1.8.0_40\bin\java.exe
0x00007ffeac210000 - 0x00007ffeac3bc000 	C:\Windows\SYSTEM32\ntdll.dll
0x00007ffeab820000 - 0x00007ffeab95e000 	C:\Windows\system32\KERNEL32.DLL
0x00007ffea9540000 - 0x00007ffea9655000 	C:\Windows\system32\KERNELBASE.dll
0x00007ffea7f00000 - 0x00007ffea7f8e000 	C:\Windows\system32\apphelp.dll
0x00007ffe9cbc0000 - 0x00007ffe9cc13000 	C:\Windows\AppPatch\AppPatch64\AcGenral.DLL
0x00007ffeabec0000 - 0x00007ffeabf6a000 	C:\Windows\system32\msvcrt.dll
0x00007ffea9200000 - 0x00007ffea922e000 	C:\Windows\SYSTEM32\SspiCli.dll
0x00007ffeab4a0000 - 0x00007ffeab4f4000 	C:\Windows\system32\SHLWAPI.dll
0x00007ffeaba40000 - 0x00007ffeabbb7000 	C:\Windows\system32\USER32.dll
0x00007ffeabfb0000 - 0x00007ffeac144000 	C:\Windows\system32\ole32.dll
0x00007ffea9a70000 - 0x00007ffeaaf9b000 	C:\Windows\system32\SHELL32.dll
0x00007ffea8870000 - 0x00007ffea8891000 	C:\Windows\SYSTEM32\USERENV.dll
0x00007ffeabc40000 - 0x00007ffeabcea000 	C:\Windows\system32\ADVAPI32.dll
0x00007ffe9d3a0000 - 0x00007ffe9d3be000 	C:\Windows\SYSTEM32\MPR.dll
0x00007ffeabd70000 - 0x00007ffeabeb1000 	C:\Windows\system32\RPCRT4.dll
0x00007ffeab660000 - 0x00007ffeab6b9000 	C:\Windows\SYSTEM32\sechost.dll
0x00007ffeaafa0000 - 0x00007ffeab1b1000 	C:\Windows\SYSTEM32\combase.dll
0x00007ffeab6c0000 - 0x00007ffeab810000 	C:\Windows\system32\GDI32.dll
0x00007ffea9360000 - 0x00007ffea9375000 	C:\Windows\SYSTEM32\profapi.dll
0x00007ffea78b0000 - 0x00007ffea7962000 	C:\Windows\SYSTEM32\SHCORE.dll
0x00007ffeabf70000 - 0x00007ffeabfa6000 	C:\Windows\system32\IMM32.DLL
0x00007ffeab500000 - 0x00007ffeab651000 	C:\Windows\system32\MSCTF.dll
0x00007ffea6e70000 - 0x00007ffea70ea000 	C:\Windows\WinSxS\amd64_microsoft.windows.common-controls_6595b64144ccf1df_6.0.9600.17810_none_6240b9c7ecbd0bda\COMCTL32.dll
0x0000000050470000 - 0x0000000050542000 	E:\Program Files\Java\jdk1.8.0_40\jre\bin\msvcr100.dll
0x00000000508f0000 - 0x0000000051173000 	E:\Program Files\Java\jdk1.8.0_40\jre\bin\server\jvm.dll
0x00007ffea16e0000 - 0x00007ffea16e9000 	C:\Windows\SYSTEM32\WSOCK32.dll
0x00007ffea1780000 - 0x00007ffea17a2000 	C:\Windows\SYSTEM32\WINMM.dll
0x00007ffea70f0000 - 0x00007ffea70fa000 	C:\Windows\SYSTEM32\VERSION.dll
0x00007ffeabd60000 - 0x00007ffeabd67000 	C:\Windows\system32\PSAPI.DLL
0x00007ffeabd00000 - 0x00007ffeabd5a000 	C:\Windows\system32\WS2_32.dll
0x00007ffea1750000 - 0x00007ffea177a000 	C:\Windows\SYSTEM32\WINMMBASE.dll
0x00007ffeabcf0000 - 0x00007ffeabcf9000 	C:\Windows\system32\NSI.dll
0x00007ffea9840000 - 0x00007ffea988f000 	C:\Windows\SYSTEM32\cfgmgr32.dll
0x00007ffea8160000 - 0x00007ffea8188000 	C:\Windows\SYSTEM32\DEVOBJ.dll
0x00000000508e0000 - 0x00000000508ef000 	E:\Program Files\Java\jdk1.8.0_40\jre\bin\verify.dll
0x00000000508b0000 - 0x00000000508d9000 	E:\Program Files\Java\jdk1.8.0_40\jre\bin\java.dll
0x0000000050890000 - 0x00000000508a6000 	E:\Program Files\Java\jdk1.8.0_40\jre\bin\zip.dll

VM Arguments:
jvm_args: -Xmx1024M -Dfile.encoding=windows-1252 -Duser.country=GB -Duser.language=en -Duser.variant 
java_command: com.android.dx.command.Main --dex --output C:\Users\Nathan\Desktop\Design-Demo-master\app\build\intermediates\pre-dexed\debug\classes-b4acf8a8db1e2cd96c970fac4aff715c16958de9.jar C:\Users\Nathan\Desktop\Design-Demo-master\app\build\intermediates\exploded-aar\com.android.support\cardview-v7\22.2.1\jars\classes.jar
java_class_path (initial): E:\Android\Sdk\build-tools\22.0.1\lib\dx.jar
Launcher Type: SUN_STANDARD

Environment Variables:
PATH=C:\ProgramData\Oracle\Java\javapath;C:\Windows\system32;C:\Windows;C:\Windows\System32\Wbem;C:\Windows\System32\WindowsPowerShell\v1.0\;C:\Program Files (x86)\ATI Technologies\ATI.ACE\Core-Static;E:\Program Files (x86)\QuickTime\QTSystem\;C:\Program Files (x86)\Windows Kits\8.0\Windows Performance Toolkit\;C:\Program Files\Microsoft SQL Server\110\Tools\Binn\;E:\Android\Sdk\platform-tools;E:\Program Files\TortoiseSVN\bin;C:\Program Files (x86)\Skype\Phone\
USERNAME=Nathan
OS=Windows_NT
PROCESSOR_IDENTIFIER=AMD64 Family 16 Model 4 Stepping 3, AuthenticAMD



---------------  S Y S T E M  ---------------

OS: Windows 8.1 , 64 bit Build 9600 (6.3.9600.17415)

CPU:total 4 (4 cores per cpu, 1 threads per core) family 16 model 4 stepping 3, cmov, cx8, fxsr, mmx, sse, sse2, sse3, popcnt, mmxext, 3dnowpref, lzcnt, sse4a, tsc, tscinvbit, tscinv

Memory: 4k page, physical 4192728k(178980k free), swap 16775640k(4944k free)

vm_info: Java HotSpot(TM) 64-Bit Server VM (25.40-b25) for windows-amd64 JRE (1.8.0_40-b26), built on Mar  7 2015 13:51:59 by "java_re" with MS VC++ 10.0 (VS2010)

time: Sun Jan 31 16:19:28 2016
elapsed time: 2 seconds (0d 0h 0m 2s)

